<?xml version="1.0" encoding="UTF-8"?>
<testsuite xmlns:xsi="http://www.w3.org/2001/XMLSchema-instance" xsi:noNamespaceSchemaLocation="https://maven.apache.org/surefire/maven-surefire-plugin/xsd/surefire-test-report-3.0.xsd" version="3.0" name="randoop.RegressionTest0" time="0.364" tests="103" errors="0" skipped="0" failures="0">
  <properties>
[...]
</properties>
  <testcase name="test001" classname="randoop.RegressionTest0" time="0.02"/>
  <testcase name="test002" classname="randoop.RegressionTest0" time="0.004"/>
  <testcase name="test003" classname="randoop.RegressionTest0" time="0.002"/>
  <testcase name="test004" classname="randoop.RegressionTest0" time="0.006">
    <system-out><![CDATA[[Data Layer] Order saved successfully: 
]]></system-out>
  </testcase>
  <testcase name="test005" classname="randoop.RegressionTest0" time="0.003">
    <system-out><![CDATA[[Data Layer] Order saved successfully: 
]]></system-out>
  </testcase>
  <testcase name="test006" classname="randoop.RegressionTest0" time="0.004">
    <system-out><![CDATA[[Data Layer] Order saved successfully: 
]]></system-out>
  </testcase>
  <testcase name="test007" classname="randoop.RegressionTest0" time="0.002"/>
  <testcase name="test008" classname="randoop.RegressionTest0" time="0.003">
    <system-out><![CDATA[[Data Layer] Order saved successfully: 
[Data Layer] Order saved successfully: 
]]></system-out>
  </testcase>
  <testcase name="test009" classname="randoop.RegressionTest0" time="0.003">
    <system-out><![CDATA[[Business Layer] Payment validation failed: Amount must be positive and non-zero.
]]></system-out>
  </testcase>
  <testcase name="test010" classname="randoop.RegressionTest0" time="0.003">
    <system-out><![CDATA[[Data Layer] Order saved successfully: 
[Data Layer] Order saved successfully: hi!
]]></system-out>
  </testcase>
  <testcase name="test011" classname="randoop.RegressionTest0" time="0.001">
    <system-out><![CDATA[[Data Layer] Order saved successfully: 
[Data Layer] Order saved successfully: hi!
]]></system-out>
  </testcase>
  <testcase name="test012" classname="randoop.RegressionTest0" time="0.002">
    <system-out><![CDATA[[Data Layer] Order saved successfully: 
[Data Layer] Order saved successfully: hi!
]]></system-out>
  </testcase>
  <testcase name="test013" classname="randoop.RegressionTest0" time="0.0">
    <system-out><![CDATA[[Data Layer] Order saved successfully: 
]]></system-out>
  </testcase>
  <testcase name="test014" classname="randoop.RegressionTest0" time="0.002">
    <system-out><![CDATA[[Data Layer] Order saved successfully: 
]]></system-out>
  </testcase>
  <testcase name="test015" classname="randoop.RegressionTest0" time="0.002"/>
  <testcase name="test016" classname="randoop.RegressionTest0" time="0.01">
    <system-out><![CDATA[[Business Layer] Payment validation failed: Amount must be positive and non-zero.
[Business Layer] Simulating payment gateway transaction...
[Business Layer] Processing hi! payment of $100.00
[Business Layer] Payment gateway response: APPROVED
[Data Layer] Order saved successfully: Amount: 100.00, Payment Method: hi!, Status: COMPLETED
[Business Layer] Order processed successfully.
]]></system-out>
  </testcase>
  <testcase name="test017" classname="randoop.RegressionTest0" time="0.004"/>
  <testcase name="test018" classname="randoop.RegressionTest0" time="0.002">
    <system-out><![CDATA[[Data Layer] Order saved successfully: 
[Data Layer] Order saved successfully: hi!
]]></system-out>
  </testcase>
  <testcase name="test019" classname="randoop.RegressionTest0" time="0.004">
    <system-out><![CDATA[[Data Layer] Order saved successfully: 
[Data Layer] Order saved successfully: hi!
[Data Layer] Order saved successfully: 
]]></system-out>
  </testcase>
  <testcase name="test020" classname="randoop.RegressionTest0" time="0.005"/>
  <testcase name="test021" classname="randoop.RegressionTest0" time="0.001"/>
  <testcase name="test022" classname="randoop.RegressionTest0" time="0.002"/>
  <testcase name="test023" classname="randoop.RegressionTest0" time="0.003">
    <system-out><![CDATA[[Data Layer] Order saved successfully: 
[Data Layer] Order saved successfully: hi!
[Data Layer] Order saved successfully: 
]]></system-out>
  </testcase>
  <testcase name="test024" classname="randoop.RegressionTest0" time="0.003">
    <system-out><![CDATA[[Business Layer] Payment validation failed: Amount must be positive and non-zero.
[Business Layer] Simulating payment gateway transaction...
[Business Layer] Processing hi! payment of $100.00
[Business Layer] Payment gateway response: APPROVED
[Data Layer] Order saved successfully: Amount: 100.00, Payment Method: hi!, Status: COMPLETED
[Business Layer] Order processed successfully.
[Business Layer] Payment validation failed: Payment method cannot be empty.
]]></system-out>
  </testcase>
  <testcase name="test025" classname="randoop.RegressionTest0" time="0.002">
    <system-out><![CDATA[[Data Layer] Order saved successfully: 
[Data Layer] Order saved successfully: hi!
]]></system-out>
  </testcase>
  <testcase name="test026" classname="randoop.RegressionTest0" time="0.002"/>
  <testcase name="test027" classname="randoop.RegressionTest0" time="0.003">
    <system-out><![CDATA[[Business Layer] Payment validation failed: Amount must be positive and non-zero.
[Business Layer] Simulating payment gateway transaction...
[Business Layer] Processing hi! payment of $100.00
[Business Layer] Payment gateway response: APPROVED
[Data Layer] Order saved successfully: Amount: 100.00, Payment Method: hi!, Status: COMPLETED
[Business Layer] Order processed successfully.
[Business Layer] Payment validation failed: Amount must be positive and non-zero.
]]></system-out>
  </testcase>
  <testcase name="test028" classname="randoop.RegressionTest0" time="0.001">
    <system-out><![CDATA[[Data Layer] Order saved successfully: 
[Data Layer] Order saved successfully: hi!
]]></system-out>
  </testcase>
  <testcase name="test029" classname="randoop.RegressionTest0" time="0.002">
    <system-out><![CDATA[[Data Layer] Order saved successfully: 
[Data Layer] Order saved successfully: hi!
]]></system-out>
  </testcase>
  <testcase name="test030" classname="randoop.RegressionTest0" time="0.002">
    <system-out><![CDATA[[Business Layer] Payment validation failed: Amount must be positive and non-zero.
[Business Layer] Payment validation failed: Payment method cannot be empty.
]]></system-out>
  </testcase>
  <testcase name="test031" classname="randoop.RegressionTest0" time="0.001">
    <system-out><![CDATA[[Data Layer] Order saved successfully: 
[Data Layer] Order saved successfully: hi!
]]></system-out>
  </testcase>
  <testcase name="test032" classname="randoop.RegressionTest0" time="0.002">
    <system-out><![CDATA[[Data Layer] Order saved successfully: hi!
]]></system-out>
  </testcase>
  <testcase name="test033" classname="randoop.RegressionTest0" time="0.004">
    <system-out><![CDATA[[Data Layer] Order saved successfully: 
[Data Layer] Order saved successfully: hi!
]]></system-out>
  </testcase>
  <testcase name="test034" classname="randoop.RegressionTest0" time="0.003">
    <system-out><![CDATA[[Business Layer] Payment validation failed: Amount must be positive and non-zero.
]]></system-out>
  </testcase>
  <testcase name="test035" classname="randoop.RegressionTest0" time="0.003">
    <system-out><![CDATA[[Data Layer] Order saved successfully: 
[Data Layer] Order saved successfully: hi!
]]></system-out>
  </testcase>
  <testcase name="test036" classname="randoop.RegressionTest0" time="0.006">
    <system-out><![CDATA[[Data Layer] Order saved successfully: 
[Business Layer] Payment validation failed: Amount must be positive and non-zero.
]]></system-out>
  </testcase>
  <testcase name="test037" classname="randoop.RegressionTest0" time="0.004">
    <system-out><![CDATA[[Data Layer] Order saved successfully: 
[Data Layer] Order saved successfully: 
]]></system-out>
  </testcase>
  <testcase name="test038" classname="randoop.RegressionTest0" time="0.003">
    <system-out><![CDATA[[Data Layer] Order saved successfully: 
[Data Layer] Order saved successfully: hi!
]]></system-out>
  </testcase>
  <testcase name="test039" classname="randoop.RegressionTest0" time="0.001">
    <system-out><![CDATA[[Data Layer] Order saved successfully: 
[Data Layer] Order saved successfully: hi!
]]></system-out>
  </testcase>
  <testcase name="test040" classname="randoop.RegressionTest0" time="0.004">
    <system-out><![CDATA[[Data Layer] Order saved successfully: 
[Business Layer] Payment validation failed: Amount must be positive and non-zero.
[Business Layer] Payment validation failed: Payment method cannot be empty.
[Business Layer] Payment validation failed: Amount must be positive and non-zero.
]]></system-out>
  </testcase>
  <testcase name="test041" classname="randoop.RegressionTest0" time="0.001">
    <system-out><![CDATA[[Data Layer] Order saved successfully: 
[Data Layer] Order saved successfully: 
]]></system-out>
  </testcase>
  <testcase name="test042" classname="randoop.RegressionTest0" time="0.002">
    <system-out><![CDATA[[Data Layer] Order saved successfully: 
[Data Layer] Order saved successfully: 
]]></system-out>
  </testcase>
  <testcase name="test043" classname="randoop.RegressionTest0" time="0.002">
    <system-out><![CDATA[[Data Layer] Order saved successfully: hi!
]]></system-out>
  </testcase>
  <testcase name="test044" classname="randoop.RegressionTest0" time="0.003">
    <system-out><![CDATA[[Data Layer] Order saved successfully: 
[Data Layer] Order saved successfully: hi!
[Business Layer] Payment validation failed: Payment method cannot be empty.
]]></system-out>
  </testcase>
  <testcase name="test045" classname="randoop.RegressionTest0" time="0.002">
    <system-out><![CDATA[[Data Layer] Order saved successfully: 
[Data Layer] Order saved successfully: hi!
]]></system-out>
  </testcase>
  <testcase name="test046" classname="randoop.RegressionTest0" time="0.002">
    <system-out><![CDATA[[Data Layer] Order saved successfully: 
[Data Layer] Order saved successfully: hi!
]]></system-out>
  </testcase>
  <testcase name="test047" classname="randoop.RegressionTest0" time="0.003">
    <system-out><![CDATA[[Data Layer] Order saved successfully: 
[Data Layer] Order saved successfully: hi!
]]></system-out>
  </testcase>
  <testcase name="test048" classname="randoop.RegressionTest0" time="0.001">
    <system-out><![CDATA[[Business Layer] Payment validation failed: Payment method cannot be empty.
]]></system-out>
  </testcase>
  <testcase name="test049" classname="randoop.RegressionTest0" time="0.002">
    <system-out><![CDATA[[Data Layer] Order saved successfully: 
]]></system-out>
  </testcase>
  <testcase name="test050" classname="randoop.RegressionTest0" time="0.001">
    <system-out><![CDATA[[Data Layer] Order saved successfully: 
[Data Layer] Order saved successfully: hi!
]]></system-out>
  </testcase>
  <testcase name="test051" classname="randoop.RegressionTest0" time="0.002">
    <system-out><![CDATA[[Data Layer] Order saved successfully: 
]]></system-out>
  </testcase>
  <testcase name="test052" classname="randoop.RegressionTest0" time="0.004">
    <system-out><![CDATA[[Data Layer] Order saved successfully: 
[Business Layer] Payment validation failed: Amount must be positive and non-zero.
[Business Layer] Simulating payment gateway transaction...
[Business Layer] Processing hi! payment of $100.00
[Business Layer] Payment gateway response: APPROVED
[Data Layer] Order saved successfully: Amount: 100.00, Payment Method: hi!, Status: COMPLETED
[Business Layer] Order processed successfully.
[Business Layer] Simulating payment gateway transaction...
[Business Layer] Processing hi! payment of $35.00
[Business Layer] Payment gateway response: APPROVED
[Data Layer] Order saved successfully: Amount: 35.00, Payment Method: hi!, Status: COMPLETED
[Business Layer] Order processed successfully.
]]></system-out>
  </testcase>
  <testcase name="test053" classname="randoop.RegressionTest0" time="0.001">
    <system-out><![CDATA[[Data Layer] Order saved successfully: 
[Data Layer] Order saved successfully: 
]]></system-out>
  </testcase>
  <testcase name="test054" classname="randoop.RegressionTest0" time="0.004">
    <system-out><![CDATA[[Data Layer] Order saved successfully: hi!
[Data Layer] Order saved successfully: 
]]></system-out>
  </testcase>
  <testcase name="test055" classname="randoop.RegressionTest0" time="0.002">
    <system-out><![CDATA[[Data Layer] Order saved successfully: 
[Data Layer] Order saved successfully: hi!
]]></system-out>
  </testcase>
  <testcase name="test056" classname="randoop.RegressionTest0" time="0.003">
    <system-out><![CDATA[[Data Layer] Order saved successfully: 
[Data Layer] Order saved successfully: 
]]></system-out>
  </testcase>
  <testcase name="test057" classname="randoop.RegressionTest0" time="0.001">
    <system-out><![CDATA[[Data Layer] Order saved successfully: hi!
[Data Layer] Order saved successfully: 
]]></system-out>
  </testcase>
  <testcase name="test058" classname="randoop.RegressionTest0" time="0.004">
    <system-out><![CDATA[[Data Layer] Order saved successfully: 
[Business Layer] Payment validation failed: Amount must be positive and non-zero.
[Business Layer] Payment validation failed: Payment method cannot be empty.
[Business Layer] Simulating payment gateway transaction...
[Business Layer] Processing hi! payment of $1.00
[Business Layer] Payment gateway response: APPROVED
[Data Layer] Order saved successfully: Amount: 1.00, Payment Method: hi!, Status: COMPLETED
[Business Layer] Order processed successfully.
]]></system-out>
  </testcase>
  <testcase name="test059" classname="randoop.RegressionTest0" time="0.001">
    <system-out><![CDATA[[Data Layer] Order saved successfully: 
[Data Layer] Order saved successfully: hi!
[Data Layer] Order saved successfully: 
]]></system-out>
  </testcase>
  <testcase name="test060" classname="randoop.RegressionTest0" time="0.001">
    <system-out><![CDATA[[Data Layer] Order saved successfully: 
[Data Layer] Order saved successfully: hi!
]]></system-out>
  </testcase>
  <testcase name="test061" classname="randoop.RegressionTest0" time="0.001">
    <system-out><![CDATA[[Data Layer] Order saved successfully: 
[Data Layer] Order saved successfully: 
]]></system-out>
  </testcase>
  <testcase name="test062" classname="randoop.RegressionTest0" time="0.002">
    <system-out><![CDATA[[Business Layer] Simulating payment gateway transaction...
[Business Layer] Processing hi! payment of $32.00
[Business Layer] Payment gateway response: APPROVED
[Data Layer] Order saved successfully: Amount: 32.00, Payment Method: hi!, Status: COMPLETED
[Business Layer] Order processed successfully.
]]></system-out>
  </testcase>
  <testcase name="test063" classname="randoop.RegressionTest0" time="0.001">
    <system-out><![CDATA[[Data Layer] Order saved successfully: 
[Data Layer] Order saved successfully: hi!
[Data Layer] Order saved successfully: 
]]></system-out>
  </testcase>
  <testcase name="test064" classname="randoop.RegressionTest0" time="0.0">
    <system-out><![CDATA[[Data Layer] Order saved successfully: hi!
]]></system-out>
  </testcase>
  <testcase name="test065" classname="randoop.RegressionTest0" time="0.001">
    <system-out><![CDATA[[Business Layer] Payment validation failed: Amount must be positive and non-zero.
[Business Layer] Payment validation failed: Payment method cannot be empty.
]]></system-out>
  </testcase>
  <testcase name="test066" classname="randoop.RegressionTest0" time="0.002">
    <system-out><![CDATA[[Data Layer] Order saved successfully: hi!
[Data Layer] Order saved successfully: 
]]></system-out>
  </testcase>
  <testcase name="test067" classname="randoop.RegressionTest0" time="0.001">
    <system-out><![CDATA[[Business Layer] Simulating payment gateway transaction...
[Business Layer] Processing hi! payment of $1.00
[Business Layer] Payment gateway response: APPROVED
[Data Layer] Order saved successfully: Amount: 1.00, Payment Method: hi!, Status: COMPLETED
[Business Layer] Order processed successfully.
]]></system-out>
  </testcase>
  <testcase name="test068" classname="randoop.RegressionTest0" time="0.001"/>
  <testcase name="test069" classname="randoop.RegressionTest0" time="0.001">
    <system-out><![CDATA[[Data Layer] Order saved successfully: 
[Data Layer] Order saved successfully: hi!
[Data Layer] Order saved successfully: 
]]></system-out>
  </testcase>
  <testcase name="test070" classname="randoop.RegressionTest0" time="0.002">
    <system-out><![CDATA[[Data Layer] Order saved successfully: 
[Data Layer] Order saved successfully: hi!
[Data Layer] Order saved successfully: 
[Business Layer] Payment validation failed: Payment method cannot be empty.
]]></system-out>
  </testcase>
  <testcase name="test071" classname="randoop.RegressionTest0" time="0.0"/>
  <testcase name="test072" classname="randoop.RegressionTest0" time="0.001"/>
  <testcase name="test073" classname="randoop.RegressionTest0" time="0.001">
    <system-out><![CDATA[[Data Layer] Order saved successfully: hi!
[Data Layer] Order saved successfully: 
]]></system-out>
  </testcase>
  <testcase name="test074" classname="randoop.RegressionTest0" time="0.0">
    <system-out><![CDATA[[Data Layer] Order saved successfully: 
[Data Layer] Order saved successfully: hi!
[Data Layer] Order saved successfully: 
]]></system-out>
  </testcase>
  <testcase name="test075" classname="randoop.RegressionTest0" time="0.0">
    <system-out><![CDATA[[Data Layer] Order saved successfully: 
[Data Layer] Order saved successfully: 
]]></system-out>
  </testcase>
  <testcase name="test076" classname="randoop.RegressionTest0" time="0.001">
    <system-out><![CDATA[[Data Layer] Order saved successfully: 
[Data Layer] Order saved successfully: hi!
]]></system-out>
  </testcase>
  <testcase name="test077" classname="randoop.RegressionTest0" time="0.002">
    <system-out><![CDATA[[Data Layer] Order saved successfully: 
[Data Layer] Order saved successfully: hi!
]]></system-out>
  </testcase>
  <testcase name="test078" classname="randoop.RegressionTest0" time="0.001">
    <system-out><![CDATA[[Data Layer] Order saved successfully: 
[Data Layer] Order saved successfully: hi!
]]></system-out>
  </testcase>
  <testcase name="test079" classname="randoop.RegressionTest0" time="0.001">
    <system-out><![CDATA[[Data Layer] Order saved successfully: 
[Data Layer] Order saved successfully: hi!
[Data Layer] Order saved successfully: hi!
]]></system-out>
  </testcase>
  <testcase name="test080" classname="randoop.RegressionTest0" time="0.001">
    <system-out><![CDATA[[Data Layer] Order saved successfully: 
[Data Layer] Order saved successfully: hi!
]]></system-out>
  </testcase>
  <testcase name="test081" classname="randoop.RegressionTest0" time="0.003">
    <system-out><![CDATA[[Data Layer] Order saved successfully: 
[Data Layer] Order saved successfully: hi!
[Data Layer] Order saved successfully: 
]]></system-out>
  </testcase>
  <testcase name="test082" classname="randoop.RegressionTest0" time="0.001">
    <system-out><![CDATA[[Data Layer] Order saved successfully: 
[Data Layer] Order saved successfully: hi!
[Business Layer] Payment validation failed: Payment method cannot be empty.
[Business Layer] Payment validation failed: Payment method cannot be empty.
]]></system-out>
  </testcase>
  <testcase name="test083" classname="randoop.RegressionTest0" time="0.003"/>
  <testcase name="test084" classname="randoop.RegressionTest0" time="0.002"/>
  <testcase name="test085" classname="randoop.RegressionTest0" time="0.001">
    <system-out><![CDATA[[Data Layer] Order saved successfully: 
]]></system-out>
  </testcase>
  <testcase name="test086" classname="randoop.RegressionTest0" time="0.003">
    <system-out><![CDATA[[Data Layer] Order saved successfully: 
[Business Layer] Payment validation failed: Amount must be positive and non-zero.
[Business Layer] Payment validation failed: Payment method cannot be empty.
[Business Layer] Simulating payment gateway transaction...
[Business Layer] Processing hi! payment of $10.00
[Business Layer] Payment gateway response: APPROVED
[Data Layer] Order saved successfully: Amount: 10.00, Payment Method: hi!, Status: COMPLETED
[Business Layer] Order processed successfully.
]]></system-out>
  </testcase>
  <testcase name="test087" classname="randoop.RegressionTest0" time="0.002">
    <system-out><![CDATA[[Data Layer] Order saved successfully: 
[Data Layer] Order saved successfully: hi!
]]></system-out>
  </testcase>
  <testcase name="test088" classname="randoop.RegressionTest0" time="0.002">
    <system-out><![CDATA[[Data Layer] Order saved successfully: hi!
[Data Layer] Order saved successfully: hi!
]]></system-out>
  </testcase>
  <testcase name="test089" classname="randoop.RegressionTest0" time="0.002">
    <system-out><![CDATA[[Data Layer] Order saved successfully: 
[Data Layer] Order saved successfully: hi!
[Business Layer] Simulating payment gateway transaction...
[Business Layer] Processing hi! payment of $32.00
[Business Layer] Payment gateway response: APPROVED
[Data Layer] Order saved successfully: Amount: 32.00, Payment Method: hi!, Status: COMPLETED
[Business Layer] Order processed successfully.
]]></system-out>
  </testcase>
  <testcase name="test090" classname="randoop.RegressionTest0" time="0.001">
    <system-out><![CDATA[[Data Layer] Order saved successfully: 
[Data Layer] Order saved successfully: hi!
[Data Layer] Order saved successfully: 
[Data Layer] Order saved successfully: hi!
]]></system-out>
  </testcase>
  <testcase name="test091" classname="randoop.RegressionTest0" time="0.001">
    <system-out><![CDATA[[Data Layer] Order saved successfully: 
[Data Layer] Order saved successfully: hi!
]]></system-out>
  </testcase>
  <testcase name="test092" classname="randoop.RegressionTest0" time="0.0">
    <system-out><![CDATA[[Business Layer] Payment validation failed: Amount must be positive and non-zero.
[Business Layer] Payment validation failed: Payment method cannot be empty.
[Business Layer] Simulating payment gateway transaction...
[Business Layer] Processing hi! payment of $1.00
[Business Layer] Payment gateway response: APPROVED
[Data Layer] Order saved successfully: Amount: 1.00, Payment Method: hi!, Status: COMPLETED
[Business Layer] Order processed successfully.
[Business Layer] Payment validation failed: Amount must be positive and non-zero.
[Business Layer] Payment validation failed: Payment method cannot be empty.
]]></system-out>
  </testcase>
  <testcase name="test093" classname="randoop.RegressionTest0" time="0.001">
    <system-out><![CDATA[[Business Layer] Payment validation failed: Payment method cannot be empty.
]]></system-out>
  </testcase>
  <testcase name="test094" classname="randoop.RegressionTest0" time="0.001">
    <system-out><![CDATA[[Data Layer] Order saved successfully: 
[Data Layer] Order saved successfully: hi!
[Data Layer] Order saved successfully: hi!
]]></system-out>
  </testcase>
  <testcase name="test095" classname="randoop.RegressionTest0" time="0.001">
    <system-out><![CDATA[[Data Layer] Order saved successfully: 
[Data Layer] Order saved successfully: 
]]></system-out>
  </testcase>
  <testcase name="test096" classname="randoop.RegressionTest0" time="0.001">
    <system-out><![CDATA[[Data Layer] Order saved successfully: 
[Data Layer] Order saved successfully: hi!
]]></system-out>
  </testcase>
  <testcase name="test097" classname="randoop.RegressionTest0" time="0.001">
    <system-out><![CDATA[[Data Layer] Order saved successfully: hi!
]]></system-out>
  </testcase>
  <testcase name="test098" classname="randoop.RegressionTest0" time="0.002">
    <system-out><![CDATA[[Data Layer] Order saved successfully: hi!
]]></system-out>
  </testcase>
  <testcase name="test099" classname="randoop.RegressionTest0" time="0.001">
    <system-out><![CDATA[[Data Layer] Order saved successfully: 
[Data Layer] Order saved successfully: hi!
[Data Layer] Order saved successfully: 
]]></system-out>
  </testcase>
  <testcase name="test100" classname="randoop.RegressionTest0" time="0.002">
    <system-out><![CDATA[[Data Layer] Order saved successfully: 
[Data Layer] Order saved successfully: hi!
[Data Layer] Order saved successfully: 
[Business Layer] Simulating payment gateway transaction...
[Business Layer] Processing hi! payment of $1.00
[Business Layer] Payment gateway response: APPROVED
[Data Layer] Order saved successfully: Amount: 1.00, Payment Method: hi!, Status: COMPLETED
[Business Layer] Order processed successfully.
[Business Layer] Simulating payment gateway transaction...
[Business Layer] Processing hi! payment of $10.00
[Business Layer] Payment gateway response: APPROVED
[Data Layer] Order saved successfully: Amount: 10.00, Payment Method: hi!, Status: COMPLETED
[Business Layer] Order processed successfully.
]]></system-out>
  </testcase>
  <testcase name="test101" classname="randoop.RegressionTest0" time="0.002">
    <system-out><![CDATA[[Data Layer] Order saved successfully: 
[Data Layer] Order saved successfully: hi!
[Business Layer] Simulating payment gateway transaction...
[Business Layer] Processing hi! payment of $100.00
[Business Layer] Payment gateway response: APPROVED
[Data Layer] Order saved successfully: Amount: 100.00, Payment Method: hi!, Status: COMPLETED
[Business Layer] Order processed successfully.
[Business Layer] Simulating payment gateway transaction...
[Business Layer] Processing hi! payment of $10.00
[Business Layer] Payment gateway response: APPROVED
[Data Layer] Order saved successfully: Amount: 10.00, Payment Method: hi!, Status: COMPLETED
[Business Layer] Order processed successfully.
]]></system-out>
  </testcase>
  <testcase name="test102" classname="randoop.RegressionTest0" time="0.0">
    <system-out><![CDATA[[Data Layer] Order saved successfully: 
]]></system-out>
  </testcase>
  <testcase name="test103" classname="randoop.RegressionTest0" time="0.0"/>
</testsuite>